<?xml version="1.0" encoding="UTF-8"?>
<!-- Generated by org.testng.reporters.JUnitReportReporter -->
<testsuite skipped="0" hostname="kuldeep-Travel" name="b2c.LoginPageTest" tests="6" failures="0" timestamp="27 Mar 2019 10:04:00 GMT" time="22.665" errors="0">
  <testcase name="passwordValidation" time="1.625" classname="b2c.LoginPageTest"/>
  <testcase name="testSignUp" time="3.378" classname="b2c.LoginPageTest"/>
  <testcase name="testCancel" time="3.087" classname="b2c.LoginPageTest"/>
  <testcase name="userNameValidation" time="3.881" classname="b2c.LoginPageTest"/>
  <testcase name="invalidSignIn" time="4.695" classname="b2c.LoginPageTest"/>
  <testcase name="validCredential" time="5.999" classname="b2c.LoginPageTest"/>
</testsuite> <!-- b2c.LoginPageTest -->
