<?xml version="1.0" encoding="UTF-8"?>
<!-- Generated by org.testng.reporters.JUnitReportReporter -->
<testsuite skipped="0" hostname="kuldeep-Travel" name="b2c.BookingWidgetTest" tests="3" failures="0" timestamp="27 Mar 2019 10:04:00 GMT" time="22.265" errors="0">
  <testcase name="selectAdultAndChild" time="14.879" classname="b2c.BookingWidgetTest"/>
  <testcase name="selectAdultAndChildWithZero" time="2.763" classname="b2c.BookingWidgetTest"/>
  <testcase name="selectNextMonthDate" time="4.623" classname="b2c.BookingWidgetTest"/>
</testsuite> <!-- b2c.BookingWidgetTest -->
