<?xml version="1.0" encoding="UTF-8"?>
<!-- Generated by org.testng.reporters.JUnitReportReporter -->
<testsuite skipped="0" hostname="kuldeep-Travel" name="b2c.SearchPageTest" tests="1" failures="0" timestamp="27 Mar 2019 10:04:00 GMT" time="36.888" errors="0">
  <testcase name="EnterPaxDetails" time="36.888" classname="b2c.SearchPageTest"/>
</testsuite> <!-- b2c.SearchPageTest -->
